2022-05-28 09:40:09,262 Using selector: EpollSelector
2022-05-28 09:40:09,282 Started server process [1]
2022-05-28 09:40:09,282 Waiting for application startup.
2022-05-28 09:40:09,282 Application startup complete.
2022-05-28 09:40:09,282 Uvicorn running on http://0.0.0.0:8000 (Press CTRL+C to quit)
2022-05-28 09:40:16,116 Calling on_part_begin with no data
2022-05-28 09:40:16,117 Calling on_header_field with data[29:48]
2022-05-28 09:40:16,117 Calling on_header_value with data[50:166]
2022-05-28 09:40:16,118 Calling on_header_end with no data
2022-05-28 09:40:16,118 Calling on_header_field with data[168:180]
2022-05-28 09:40:16,118 Calling on_header_value with data[182:206]
2022-05-28 09:40:16,118 Calling on_header_end with no data
2022-05-28 09:40:16,119 Calling on_headers_finished with no data
2022-05-28 09:40:16,119 Calling on_part_data with data[210:16110]
2022-05-28 09:40:16,120 Calling on_part_data with data[0:16382]
2022-05-28 09:40:16,147 Calling on_part_data with data[0:12292]
2022-05-28 09:40:16,150 Calling on_part_data with data[0:20962]
2022-05-28 09:40:16,155 Calling on_part_data with data[0:16382]
2022-05-28 09:40:16,176 Calling on_part_data with data[0:16382]
2022-05-28 09:40:16,181 Calling on_part_data with data[0:20002]
2022-05-28 09:40:16,184 Calling on_part_data with data[0:16384]
2022-05-28 09:40:16,188 Calling on_part_data with data[0:16384]
2022-05-28 09:40:16,194 Calling on_part_data with data[0:24576]
2022-05-28 09:40:16,196 Calling on_part_data with data[0:8192]
2022-05-28 09:40:16,208 Calling on_part_data with data[0:24559]
2022-05-28 09:40:16,208 Calling on_part_data with data[0:1]
2022-05-28 09:40:16,208 Calling on_part_data with data[24560:24576]
2022-05-28 09:40:16,209 Calling on_part_data with data[0:7760]
2022-05-28 09:40:16,210 Calling on_part_end with no data
2022-05-28 09:40:16,210 Calling on_end with no data
2022-05-28 09:40:16,218 tag: Make (271) - type: string (2) Tag Location: 22 - Data Location: 134 - value: b'Apple\x00'
2022-05-28 09:40:16,218 tag: Model (272) - type: string (2) Tag Location: 34 - Data Location: 140 - value: b'iPhone SE (2nd generation)\x00'
2022-05-28 09:40:16,218 tag: Orientation (274) - type: short (3) - value: b'\x00\x06'
2022-05-28 09:40:16,218 tag: XResolution (282) - type: rational (5) Tag Location: 58 - Data Location: 168 - value: b'\x00\x00\x00H\x00\x00\x00\x01'
2022-05-28 09:40:16,218 tag: YResolution (283) - type: rational (5) Tag Location: 70 - Data Location: 176 - value: b'\x00\x00\x00H\x00\x00\x00\x01'
2022-05-28 09:40:16,218 tag: ResolutionUnit (296) - type: short (3) - value: b'\x00\x02'
2022-05-28 09:40:16,219 tag: Software (305) - type: string (2) Tag Location: 94 - Data Location: 184 - value: b'15.4.1\x00'
2022-05-28 09:40:16,219 tag: DateTime (306) - type: string (2) Tag Location: 106 - Data Location: 192 - value: b'2022:05:28 15:09:33\x00'
2022-05-28 09:40:16,219 tag: HostComputer (316) - type: string (2) Tag Location: 118 - Data Location: 212 - value: b'iPhone SE (2nd generation)\x00'
2022-05-28 09:40:16,219 tag: ExifIFD (34665) - type: long (4) - value: b'\x00\x00\x00\xf0'
2022-05-28 09:40:16,219 Request to verify "ijas"
2022-05-28 09:40:17,309 Creating converter from 3 to 5
2022-05-28 09:40:19,113 db matches          identity  VGG-Face_cosine
0  db/img/ijas.png         0.034599
2022-05-28 09:40:19,113 Matched user "db/img/ijas.png"
2022-05-28 09:40:19,113 "ijas" verified
2022-05-28 09:40:38,437 Calling on_part_begin with no data
2022-05-28 09:40:38,437 Calling on_header_field with data[29:48]
2022-05-28 09:40:38,437 Calling on_header_value with data[50:166]
2022-05-28 09:40:38,438 Calling on_header_end with no data
2022-05-28 09:40:38,438 Calling on_header_field with data[168:180]
2022-05-28 09:40:38,438 Calling on_header_value with data[182:206]
2022-05-28 09:40:38,438 Calling on_header_end with no data
2022-05-28 09:40:38,438 Calling on_headers_finished with no data
2022-05-28 09:40:38,439 Calling on_part_data with data[210:3812]
2022-05-28 09:40:38,469 Calling on_part_data with data[0:12286]
2022-05-28 09:40:38,474 Calling on_part_data with data[0:16382]
2022-05-28 09:40:38,499 Calling on_part_data with data[0:8191]
2022-05-28 09:40:38,503 Calling on_part_data with data[0:16382]
2022-05-28 09:40:38,508 Calling on_part_data with data[0:20487]
2022-05-28 09:40:38,510 Calling on_part_data with data[0:12779]
2022-05-28 09:40:38,533 Calling on_part_data with data[0:19989]
2022-05-28 09:40:38,535 Calling on_part_data with data[0:8192]
2022-05-28 09:40:38,567 Calling on_part_data with data[0:4583]
2022-05-28 09:40:38,572 Calling on_part_data with data[0:16390]
2022-05-28 09:40:38,573 Calling on_part_data with data[0:3603]
2022-05-28 09:40:38,574 Calling on_part_data with data[0:4588]
2022-05-28 09:40:38,575 Calling on_part_data with data[0:3604]
2022-05-28 09:40:38,577 Calling on_part_data with data[0:4587]
2022-05-28 09:40:38,577 Calling on_part_data with data[0:3605]
2022-05-28 09:40:38,579 Calling on_part_data with data[0:8192]
2022-05-28 09:40:38,584 Calling on_part_data with data[0:16384]
2022-05-28 09:40:38,586 Calling on_part_data with data[0:12782]
2022-05-28 09:40:38,587 Calling on_part_data with data[0:3602]
2022-05-28 09:40:38,590 Calling on_part_data with data[0:4007]
2022-05-28 09:40:38,590 Calling on_part_data with data[0:1]
2022-05-28 09:40:38,590 Calling on_part_data with data[4008:8192]
2022-05-28 09:40:38,594 Calling on_part_data with data[0:8192]
2022-05-28 09:40:38,596 Calling on_part_data with data[0:8192]
2022-05-28 09:40:38,625 Calling on_part_data with data[0:32768]
2022-05-28 09:40:38,632 Calling on_part_data with data[0:8183]
2022-05-28 09:40:38,632 Calling on_part_data with data[0:1]
2022-05-28 09:40:38,633 Calling on_part_data with data[8184:8192]
2022-05-28 09:40:38,640 Calling on_part_data with data[0:20971]
2022-05-28 09:40:38,643 Calling on_part_data with data[0:16382]
2022-05-28 09:40:38,645 Calling on_part_data with data[0:11799]
2022-05-28 09:40:38,646 Calling on_part_data with data[0:8173]
2022-05-28 09:40:38,647 Calling on_part_data with data[0:1]
2022-05-28 09:40:38,647 Calling on_part_data with data[8174:8192]
2022-05-28 09:40:38,651 Calling on_part_data with data[0:20972]
2022-05-28 09:40:38,653 Calling on_part_data with data[0:11795]
2022-05-28 09:40:38,657 Calling on_part_data with data[0:1]
2022-05-28 09:40:38,657 Calling on_part_data with data[0:16384]
2022-05-28 09:40:38,662 Calling on_part_data with data[0:20966]
2022-05-28 09:40:38,678 Calling on_part_data with data[0:44570]
2022-05-28 09:40:38,691 Calling on_part_data with data[0:26987]
2022-05-28 09:40:38,691 Calling on_part_data with data[0:1]
2022-05-28 09:40:38,691 Calling on_part_data with data[26988:32763]
2022-05-28 09:40:38,691 Calling on_part_data with data[0:1]
2022-05-28 09:40:38,691 Calling on_part_data with data[32764:32768]
2022-05-28 09:40:38,700 Calling on_part_data with data[0:32768]
2022-05-28 09:40:38,713 Calling on_part_data with data[0:24576]
2022-05-28 09:40:38,716 Calling on_part_data with data[0:10575]
2022-05-28 09:40:38,716 Calling on_part_end with no data
2022-05-28 09:40:38,716 Calling on_end with no data
2022-05-28 09:40:38,716 tag: Make (271) - type: string (2) Tag Location: 22 - Data Location: 134 - value: b'Apple\x00'
2022-05-28 09:40:38,716 tag: Model (272) - type: string (2) Tag Location: 34 - Data Location: 140 - value: b'iPhone SE (2nd generation)\x00'
2022-05-28 09:40:38,717 tag: Orientation (274) - type: short (3) - value: b'\x00\x06'
2022-05-28 09:40:38,717 tag: XResolution (282) - type: rational (5) Tag Location: 58 - Data Location: 168 - value: b'\x00\x00\x00H\x00\x00\x00\x01'
2022-05-28 09:40:38,717 tag: YResolution (283) - type: rational (5) Tag Location: 70 - Data Location: 176 - value: b'\x00\x00\x00H\x00\x00\x00\x01'
2022-05-28 09:40:38,717 tag: ResolutionUnit (296) - type: short (3) - value: b'\x00\x02'
2022-05-28 09:40:38,717 tag: Software (305) - type: string (2) Tag Location: 94 - Data Location: 184 - value: b'15.4.1\x00'
2022-05-28 09:40:38,717 tag: DateTime (306) - type: string (2) Tag Location: 106 - Data Location: 192 - value: b'2022:05:28 15:10:32\x00'
2022-05-28 09:40:38,717 tag: HostComputer (316) - type: string (2) Tag Location: 118 - Data Location: 212 - value: b'iPhone SE (2nd generation)\x00'
2022-05-28 09:40:38,717 tag: ExifIFD (34665) - type: long (4) - value: b'\x00\x00\x00\xf0'
2022-05-28 09:40:38,717 Request to add "ijas"
2022-05-28 09:40:40,411 User "ijas" added
2022-05-28 09:40:58,947 Calling on_part_begin with no data
2022-05-28 09:40:58,948 Calling on_header_field with data[29:48]
2022-05-28 09:40:58,948 Calling on_header_value with data[50:166]
2022-05-28 09:40:58,949 Calling on_header_end with no data
2022-05-28 09:40:58,949 Calling on_header_field with data[168:180]
2022-05-28 09:40:58,949 Calling on_header_value with data[182:206]
2022-05-28 09:40:58,949 Calling on_header_end with no data
2022-05-28 09:40:58,949 Calling on_headers_finished with no data
2022-05-28 09:40:58,950 Calling on_part_data with data[210:16110]
2022-05-28 09:40:58,952 Calling on_part_data with data[0:20482]
2022-05-28 09:40:58,980 Calling on_part_data with data[0:20473]
2022-05-28 09:40:58,983 Calling on_part_data with data[0:16872]
2022-05-28 09:40:58,985 Calling on_part_data with data[0:16382]
2022-05-28 09:40:59,008 Calling on_part_data with data[0:16382]
2022-05-28 09:40:59,009 Calling on_part_data with data[0:8191]
2022-05-28 09:40:59,018 Calling on_part_data with data[0:16390]
2022-05-28 09:40:59,023 Calling on_part_data with data[0:24573]
2022-05-28 09:40:59,027 Calling on_part_data with data[0:3338]
2022-05-28 09:40:59,027 Calling on_part_data with data[0:1]
2022-05-28 09:40:59,027 Calling on_part_data with data[3339:16382]
2022-05-28 09:40:59,030 Calling on_part_data with data[0:11811]
2022-05-28 09:40:59,032 Calling on_part_data with data[0:8192]
2022-05-28 09:40:59,035 Calling on_part_data with data[0:9912]
2022-05-28 09:40:59,035 Calling on_part_end with no data
2022-05-28 09:40:59,035 Calling on_end with no data
2022-05-28 09:40:59,035 tag: Make (271) - type: string (2) Tag Location: 22 - Data Location: 134 - value: b'Apple\x00'
2022-05-28 09:40:59,035 tag: Model (272) - type: string (2) Tag Location: 34 - Data Location: 140 - value: b'iPhone SE (2nd generation)\x00'
2022-05-28 09:40:59,035 tag: Orientation (274) - type: short (3) - value: b'\x00\x06'
2022-05-28 09:40:59,036 tag: XResolution (282) - type: rational (5) Tag Location: 58 - Data Location: 168 - value: b'\x00\x00\x00H\x00\x00\x00\x01'
2022-05-28 09:40:59,036 tag: YResolution (283) - type: rational (5) Tag Location: 70 - Data Location: 176 - value: b'\x00\x00\x00H\x00\x00\x00\x01'
2022-05-28 09:40:59,036 tag: ResolutionUnit (296) - type: short (3) - value: b'\x00\x02'
2022-05-28 09:40:59,036 tag: Software (305) - type: string (2) Tag Location: 94 - Data Location: 184 - value: b'15.4.1\x00'
2022-05-28 09:40:59,036 tag: DateTime (306) - type: string (2) Tag Location: 106 - Data Location: 192 - value: b'2022:05:28 15:10:56\x00'
2022-05-28 09:40:59,036 tag: HostComputer (316) - type: string (2) Tag Location: 118 - Data Location: 212 - value: b'iPhone SE (2nd generation)\x00'
2022-05-28 09:40:59,036 tag: ExifIFD (34665) - type: long (4) - value: b'\x00\x00\x00\xf0'
2022-05-28 09:40:59,036 Request to verify "ijas"
2022-05-28 09:40:59,951 db matches          identity  VGG-Face_cosine
0  db/img/ijas.png         0.039643
2022-05-28 09:40:59,952 Matched user "db/img/ijas.png"
2022-05-28 09:40:59,952 "ijas" verified
